Analysis & Elaboration report for Projeto2
Tue Nov 09 17:51:25 2021
Quartus Prime Version 20.1.0 Build 711 06/05/2020 SJ Lite Edition


---------------------
; Table of Contents ;
---------------------
  1. Legal Notice
  2. Analysis & Elaboration Summary
  3. Parallel Compilation
  4. Parameter Settings for User Entity Instance: Top-level Entity: |Projeto2
  5. Parameter Settings for User Entity Instance: registradorGenerico_PC:PC
  6. Parameter Settings for User Entity Instance: somadorGenerico:SOMADOR
  7. Parameter Settings for User Entity Instance: ROMMIPS:MEMORIA_INSTRUCAO
  8. Parameter Settings for User Entity Instance: muxGenerico2x1:MUX_BR
  9. Parameter Settings for User Entity Instance: bancoRegistradores:BANCO_REGISTRADORES
 10. Parameter Settings for User Entity Instance: muxGenerico2x1:MUX_ENTRADA_ULA
 11. Parameter Settings for User Entity Instance: ULASomaSub:ULA
 12. Parameter Settings for User Entity Instance: RAMMIPS:MEMORIA_DADOS
 13. Parameter Settings for User Entity Instance: muxGenerico2x1:MUX_RAM_ULA
 14. Parameter Settings for User Entity Instance: muxGenerico2x1:MUX_beq
 15. Parameter Settings for User Entity Instance: muxGenerico2x1:MUX_Prox_PC
 16. Parameter Settings for User Entity Instance: somadorGenerico:SOMADOR_beq
 17. Analysis & Elaboration Settings
 18. Port Connectivity Checks: "DecodBinario_7Seg:DECOD_HEX5"
 19. Port Connectivity Checks: "DecodBinario_7Seg:DECOD_HEX4"
 20. Port Connectivity Checks: "DecodBinario_7Seg:DECOD_HEX3"
 21. Port Connectivity Checks: "DecodBinario_7Seg:DECOD_HEX2"
 22. Port Connectivity Checks: "DecodBinario_7Seg:DECOD_HEX1"
 23. Port Connectivity Checks: "DecodBinario_7Seg:DECOD_HEX0"
 24. Port Connectivity Checks: "somadorGenerico:SOMADOR_beq"
 25. Port Connectivity Checks: "muxGenerico2x1:MUX_Prox_PC"
 26. Port Connectivity Checks: "RAMMIPS:MEMORIA_DADOS"
 27. Port Connectivity Checks: "somadorGenerico:SOMADOR"
 28. Port Connectivity Checks: "registradorGenerico_PC:PC"
 29. Port Connectivity Checks: "edgeDetector:detectorSub1"
 30. Analysis & Elaboration Messages



----------------
; Legal Notice ;
----------------
Copyright (C) 2020  Intel Corporation. All rights reserved.
Your use of Intel Corporation's design tools, logic functions 
and other software and tools, and any partner logic 
functions, and any output files from any of the foregoing 
(including device programming or simulation files), and any 
associated documentation or information are expressly subject 
to the terms and conditions of the Intel Program License 
Subscription Agreement, the Intel Quartus Prime License Agreement,
the Intel FPGA IP License Agreement, or other applicable license
agreement, including, without limitation, that your use is for
the sole purpose of programming logic devices manufactured by
Intel and sold by Intel or its authorized distributors.  Please
refer to the applicable agreement for further details, at
https://fpgasoftware.intel.com/eula.



+-----------------------------------------------------------------------------+
; Analysis & Elaboration Summary                                              ;
+-------------------------------+---------------------------------------------+
; Analysis & Elaboration Status ; Successful - Tue Nov 09 17:51:25 2021       ;
; Quartus Prime Version         ; 20.1.0 Build 711 06/05/2020 SJ Lite Edition ;
; Revision Name                 ; Projeto2                                    ;
; Top-level Entity Name         ; Projeto2                                    ;
; Family                        ; Cyclone V                                   ;
; Logic utilization (in ALMs)   ; N/A until Partition Merge                   ;
; Total registers               ; N/A until Partition Merge                   ;
; Total pins                    ; N/A until Partition Merge                   ;
; Total virtual pins            ; N/A until Partition Merge                   ;
; Total block memory bits       ; N/A until Partition Merge                   ;
; Total PLLs                    ; N/A until Partition Merge                   ;
; Total DLLs                    ; N/A until Partition Merge                   ;
+-------------------------------+---------------------------------------------+


+------------------------------------------+
; Parallel Compilation                     ;
+----------------------------+-------------+
; Processors                 ; Number      ;
+----------------------------+-------------+
; Number detected on machine ; 8           ;
; Maximum allowed            ; 4           ;
;                            ;             ;
; Average used               ; 1.00        ;
; Maximum used               ; 1           ;
;                            ;             ;
; Usage by Processor         ; % Time Used ;
;     Processor 1            ; 100.0%      ;
+----------------------------+-------------+


+--------------------------------------------------------------------------+
; Parameter Settings for User Entity Instance: Top-level Entity: |Projeto2 ;
+--------------------+-------+---------------------------------------------+
; Parameter Name     ; Value ; Type                                        ;
+--------------------+-------+---------------------------------------------+
; larguraDados       ; 32    ; Signed Integer                              ;
; larguraEnderecoRAM ; 32    ; Signed Integer                              ;
; larguraInstrucao   ; 32    ; Signed Integer                              ;
; larguraEnderecoROM ; 32    ; Signed Integer                              ;
; memoryAddrWidth    ; 6     ; Signed Integer                              ;
; larguraDados_PC    ; 32    ; Signed Integer                              ;
; larguraEndRegs     ; 5     ; Signed Integer                              ;
; simulacao          ; false ; Enumerated                                  ;
+--------------------+-------+---------------------------------------------+
Note: In order to hide this table in the UI and the text report file, please set the "Show Parameter Settings in Synthesis Report" option in "Analysis and Synthesis Settings -> More Settings" to "Off".


+------------------------------------------------------------------------+
; Parameter Settings for User Entity Instance: registradorGenerico_PC:PC ;
+----------------+-------+-----------------------------------------------+
; Parameter Name ; Value ; Type                                          ;
+----------------+-------+-----------------------------------------------+
; larguradados   ; 32    ; Signed Integer                                ;
+----------------+-------+-----------------------------------------------+
Note: In order to hide this table in the UI and the text report file, please set the "Show Parameter Settings in Synthesis Report" option in "Analysis and Synthesis Settings -> More Settings" to "Off".


+----------------------------------------------------------------------+
; Parameter Settings for User Entity Instance: somadorGenerico:SOMADOR ;
+----------------+-------+---------------------------------------------+
; Parameter Name ; Value ; Type                                        ;
+----------------+-------+---------------------------------------------+
; larguradados   ; 32    ; Signed Integer                              ;
+----------------+-------+---------------------------------------------+
Note: In order to hide this table in the UI and the text report file, please set the "Show Parameter Settings in Synthesis Report" option in "Analysis and Synthesis Settings -> More Settings" to "Off".


+------------------------------------------------------------------------+
; Parameter Settings for User Entity Instance: ROMMIPS:MEMORIA_INSTRUCAO ;
+-----------------+-------+----------------------------------------------+
; Parameter Name  ; Value ; Type                                         ;
+-----------------+-------+----------------------------------------------+
; datawidth       ; 32    ; Signed Integer                               ;
; addrwidth       ; 32    ; Signed Integer                               ;
; memoryaddrwidth ; 6     ; Signed Integer                               ;
+-----------------+-------+----------------------------------------------+
Note: In order to hide this table in the UI and the text report file, please set the "Show Parameter Settings in Synthesis Report" option in "Analysis and Synthesis Settings -> More Settings" to "Off".


+--------------------------------------------------------------------+
; Parameter Settings for User Entity Instance: muxGenerico2x1:MUX_BR ;
+----------------+-------+-------------------------------------------+
; Parameter Name ; Value ; Type                                      ;
+----------------+-------+-------------------------------------------+
; larguradados   ; 5     ; Signed Integer                            ;
+----------------+-------+-------------------------------------------+
Note: In order to hide this table in the UI and the text report file, please set the "Show Parameter Settings in Synthesis Report" option in "Analysis and Synthesis Settings -> More Settings" to "Off".


+-------------------------------------------------------------------------------------+
; Parameter Settings for User Entity Instance: bancoRegistradores:BANCO_REGISTRADORES ;
+---------------------+-------+-------------------------------------------------------+
; Parameter Name      ; Value ; Type                                                  ;
+---------------------+-------+-------------------------------------------------------+
; larguradados        ; 32    ; Signed Integer                                        ;
; larguraendbancoregs ; 5     ; Signed Integer                                        ;
+---------------------+-------+-------------------------------------------------------+
Note: In order to hide this table in the UI and the text report file, please set the "Show Parameter Settings in Synthesis Report" option in "Analysis and Synthesis Settings -> More Settings" to "Off".


+-----------------------------------------------------------------------------+
; Parameter Settings for User Entity Instance: muxGenerico2x1:MUX_ENTRADA_ULA ;
+----------------+-------+----------------------------------------------------+
; Parameter Name ; Value ; Type                                               ;
+----------------+-------+----------------------------------------------------+
; larguradados   ; 32    ; Signed Integer                                     ;
+----------------+-------+----------------------------------------------------+
Note: In order to hide this table in the UI and the text report file, please set the "Show Parameter Settings in Synthesis Report" option in "Analysis and Synthesis Settings -> More Settings" to "Off".


+-------------------------------------------------------------+
; Parameter Settings for User Entity Instance: ULASomaSub:ULA ;
+----------------+-------+------------------------------------+
; Parameter Name ; Value ; Type                               ;
+----------------+-------+------------------------------------+
; larguradados   ; 32    ; Signed Integer                     ;
+----------------+-------+------------------------------------+
Note: In order to hide this table in the UI and the text report file, please set the "Show Parameter Settings in Synthesis Report" option in "Analysis and Synthesis Settings -> More Settings" to "Off".


+--------------------------------------------------------------------+
; Parameter Settings for User Entity Instance: RAMMIPS:MEMORIA_DADOS ;
+----------------+-------+-------------------------------------------+
; Parameter Name ; Value ; Type                                      ;
+----------------+-------+-------------------------------------------+
; datawidth      ; 32    ; Signed Integer                            ;
; addrwidth      ; 32    ; Signed Integer                            ;
+----------------+-------+-------------------------------------------+
Note: In order to hide this table in the UI and the text report file, please set the "Show Parameter Settings in Synthesis Report" option in "Analysis and Synthesis Settings -> More Settings" to "Off".


+-------------------------------------------------------------------------+
; Parameter Settings for User Entity Instance: muxGenerico2x1:MUX_RAM_ULA ;
+----------------+-------+------------------------------------------------+
; Parameter Name ; Value ; Type                                           ;
+----------------+-------+------------------------------------------------+
; larguradados   ; 32    ; Signed Integer                                 ;
+----------------+-------+------------------------------------------------+
Note: In order to hide this table in the UI and the text report file, please set the "Show Parameter Settings in Synthesis Report" option in "Analysis and Synthesis Settings -> More Settings" to "Off".


+---------------------------------------------------------------------+
; Parameter Settings for User Entity Instance: muxGenerico2x1:MUX_beq ;
+----------------+-------+--------------------------------------------+
; Parameter Name ; Value ; Type                                       ;
+----------------+-------+--------------------------------------------+
; larguradados   ; 32    ; Signed Integer                             ;
+----------------+-------+--------------------------------------------+
Note: In order to hide this table in the UI and the text report file, please set the "Show Parameter Settings in Synthesis Report" option in "Analysis and Synthesis Settings -> More Settings" to "Off".


+-------------------------------------------------------------------------+
; Parameter Settings for User Entity Instance: muxGenerico2x1:MUX_Prox_PC ;
+----------------+-------+------------------------------------------------+
; Parameter Name ; Value ; Type                                           ;
+----------------+-------+------------------------------------------------+
; larguradados   ; 32    ; Signed Integer                                 ;
+----------------+-------+------------------------------------------------+
Note: In order to hide this table in the UI and the text report file, please set the "Show Parameter Settings in Synthesis Report" option in "Analysis and Synthesis Settings -> More Settings" to "Off".


+--------------------------------------------------------------------------+
; Parameter Settings for User Entity Instance: somadorGenerico:SOMADOR_beq ;
+----------------+-------+-------------------------------------------------+
; Parameter Name ; Value ; Type                                            ;
+----------------+-------+-------------------------------------------------+
; larguradados   ; 32    ; Signed Integer                                  ;
+----------------+-------+-------------------------------------------------+
Note: In order to hide this table in the UI and the text report file, please set the "Show Parameter Settings in Synthesis Report" option in "Analysis and Synthesis Settings -> More Settings" to "Off".


+---------------------------------------------------------------------------------------------------------------------------+
; Analysis & Elaboration Settings                                                                                           ;
+---------------------------------------------------------------------------------+--------------------+--------------------+
; Option                                                                          ; Setting            ; Default Value      ;
+---------------------------------------------------------------------------------+--------------------+--------------------+
; Device                                                                          ; 5CEBA4F23C7        ;                    ;
; Top-level entity name                                                           ; Projeto2           ; Projeto2           ;
; Family name                                                                     ; Cyclone V          ; Cyclone V          ;
; VHDL Show LMF Mapping Messages                                                  ; Off                ;                    ;
; VHDL Version                                                                    ; VHDL_2008          ; VHDL_1993          ;
; Use smart compilation                                                           ; Off                ; Off                ;
; Enable parallel Assembler and Timing Analyzer during compilation                ; On                 ; On                 ;
; Enable compact report table                                                     ; Off                ; Off                ;
; Restructure Multiplexers                                                        ; Auto               ; Auto               ;
; MLAB Add Timing Constraints For Mixed-Port Feed-Through Mode Setting Don't Care ; Off                ; Off                ;
; Create Debugging Nodes for IP Cores                                             ; Off                ; Off                ;
; Preserve fewer node names                                                       ; On                 ; On                 ;
; Intel FPGA IP Evaluation Mode                                                   ; Enable             ; Enable             ;
; Verilog Version                                                                 ; Verilog_2001       ; Verilog_2001       ;
; State Machine Processing                                                        ; Auto               ; Auto               ;
; Safe State Machine                                                              ; Off                ; Off                ;
; Extract Verilog State Machines                                                  ; On                 ; On                 ;
; Extract VHDL State Machines                                                     ; On                 ; On                 ;
; Ignore Verilog initial constructs                                               ; Off                ; Off                ;
; Iteration limit for constant Verilog loops                                      ; 5000               ; 5000               ;
; Iteration limit for non-constant Verilog loops                                  ; 250                ; 250                ;
; Add Pass-Through Logic to Inferred RAMs                                         ; On                 ; On                 ;
; Infer RAMs from Raw Logic                                                       ; On                 ; On                 ;
; Parallel Synthesis                                                              ; On                 ; On                 ;
; DSP Block Balancing                                                             ; Auto               ; Auto               ;
; NOT Gate Push-Back                                                              ; On                 ; On                 ;
; Power-Up Don't Care                                                             ; On                 ; On                 ;
; Remove Redundant Logic Cells                                                    ; Off                ; Off                ;
; Remove Duplicate Registers                                                      ; On                 ; On                 ;
; Ignore CARRY Buffers                                                            ; Off                ; Off                ;
; Ignore CASCADE Buffers                                                          ; Off                ; Off                ;
; Ignore GLOBAL Buffers                                                           ; Off                ; Off                ;
; Ignore ROW GLOBAL Buffers                                                       ; Off                ; Off                ;
; Ignore LCELL Buffers                                                            ; Off                ; Off                ;
; Ignore SOFT Buffers                                                             ; On                 ; On                 ;
; Limit AHDL Integers to 32 Bits                                                  ; Off                ; Off                ;
; Optimization Technique                                                          ; Balanced           ; Balanced           ;
; Carry Chain Length                                                              ; 70                 ; 70                 ;
; Auto Carry Chains                                                               ; On                 ; On                 ;
; Auto Open-Drain Pins                                                            ; On                 ; On                 ;
; Perform WYSIWYG Primitive Resynthesis                                           ; Off                ; Off                ;
; Auto ROM Replacement                                                            ; On                 ; On                 ;
; Auto RAM Replacement                                                            ; On                 ; On                 ;
; Auto DSP Block Replacement                                                      ; On                 ; On                 ;
; Auto Shift Register Replacement                                                 ; Auto               ; Auto               ;
; Allow Shift Register Merging across Hierarchies                                 ; Auto               ; Auto               ;
; Auto Clock Enable Replacement                                                   ; On                 ; On                 ;
; Strict RAM Replacement                                                          ; Off                ; Off                ;
; Allow Synchronous Control Signals                                               ; On                 ; On                 ;
; Force Use of Synchronous Clear Signals                                          ; Off                ; Off                ;
; Auto Resource Sharing                                                           ; Off                ; Off                ;
; Allow Any RAM Size For Recognition                                              ; Off                ; Off                ;
; Allow Any ROM Size For Recognition                                              ; Off                ; Off                ;
; Allow Any Shift Register Size For Recognition                                   ; Off                ; Off                ;
; Use LogicLock Constraints during Resource Balancing                             ; On                 ; On                 ;
; Ignore translate_off and synthesis_off directives                               ; Off                ; Off                ;
; Timing-Driven Synthesis                                                         ; On                 ; On                 ;
; Report Parameter Settings                                                       ; On                 ; On                 ;
; Report Source Assignments                                                       ; On                 ; On                 ;
; Report Connectivity Checks                                                      ; On                 ; On                 ;
; Ignore Maximum Fan-Out Assignments                                              ; Off                ; Off                ;
; Synchronization Register Chain Length                                           ; 3                  ; 3                  ;
; Power Optimization During Synthesis                                             ; Normal compilation ; Normal compilation ;
; HDL message level                                                               ; Level2             ; Level2             ;
; Suppress Register Optimization Related Messages                                 ; Off                ; Off                ;
; Number of Removed Registers Reported in Synthesis Report                        ; 5000               ; 5000               ;
; Number of Swept Nodes Reported in Synthesis Report                              ; 5000               ; 5000               ;
; Number of Inverted Registers Reported in Synthesis Report                       ; 100                ; 100                ;
; Clock MUX Protection                                                            ; On                 ; On                 ;
; Auto Gated Clock Conversion                                                     ; Off                ; Off                ;
; Block Design Naming                                                             ; Auto               ; Auto               ;
; SDC constraint protection                                                       ; Off                ; Off                ;
; Synthesis Effort                                                                ; Auto               ; Auto               ;
; Shift Register Replacement - Allow Asynchronous Clear Signal                    ; On                 ; On                 ;
; Pre-Mapping Resynthesis Optimization                                            ; Off                ; Off                ;
; Analysis & Synthesis Message Level                                              ; Medium             ; Medium             ;
; Disable Register Merging Across Hierarchies                                     ; Auto               ; Auto               ;
; Resource Aware Inference For Block RAM                                          ; On                 ; On                 ;
; Automatic Parallel Synthesis                                                    ; On                 ; On                 ;
; Partial Reconfiguration Bitstream ID                                            ; Off                ; Off                ;
+---------------------------------------------------------------------------------+--------------------+--------------------+


+----------------------------------------------------------+
; Port Connectivity Checks: "DecodBinario_7Seg:DECOD_HEX5" ;
+----------+-------+----------+----------------------------+
; Port     ; Type  ; Severity ; Details                    ;
+----------+-------+----------+----------------------------+
; apaga    ; Input ; Info     ; Stuck at GND               ;
; negativo ; Input ; Info     ; Stuck at GND               ;
; overflow ; Input ; Info     ; Stuck at GND               ;
+----------+-------+----------+----------------------------+


+----------------------------------------------------------+
; Port Connectivity Checks: "DecodBinario_7Seg:DECOD_HEX4" ;
+----------+-------+----------+----------------------------+
; Port     ; Type  ; Severity ; Details                    ;
+----------+-------+----------+----------------------------+
; apaga    ; Input ; Info     ; Stuck at GND               ;
; negativo ; Input ; Info     ; Stuck at GND               ;
; overflow ; Input ; Info     ; Stuck at GND               ;
+----------+-------+----------+----------------------------+


+----------------------------------------------------------+
; Port Connectivity Checks: "DecodBinario_7Seg:DECOD_HEX3" ;
+----------+-------+----------+----------------------------+
; Port     ; Type  ; Severity ; Details                    ;
+----------+-------+----------+----------------------------+
; apaga    ; Input ; Info     ; Stuck at GND               ;
; negativo ; Input ; Info     ; Stuck at GND               ;
; overflow ; Input ; Info     ; Stuck at GND               ;
+----------+-------+----------+----------------------------+


+----------------------------------------------------------+
; Port Connectivity Checks: "DecodBinario_7Seg:DECOD_HEX2" ;
+----------+-------+----------+----------------------------+
; Port     ; Type  ; Severity ; Details                    ;
+----------+-------+----------+----------------------------+
; apaga    ; Input ; Info     ; Stuck at GND               ;
; negativo ; Input ; Info     ; Stuck at GND               ;
; overflow ; Input ; Info     ; Stuck at GND               ;
+----------+-------+----------+----------------------------+


+----------------------------------------------------------+
; Port Connectivity Checks: "DecodBinario_7Seg:DECOD_HEX1" ;
+----------+-------+----------+----------------------------+
; Port     ; Type  ; Severity ; Details                    ;
+----------+-------+----------+----------------------------+
; apaga    ; Input ; Info     ; Stuck at GND               ;
; negativo ; Input ; Info     ; Stuck at GND               ;
; overflow ; Input ; Info     ; Stuck at GND               ;
+----------+-------+----------+----------------------------+


+----------------------------------------------------------+
; Port Connectivity Checks: "DecodBinario_7Seg:DECOD_HEX0" ;
+----------+-------+----------+----------------------------+
; Port     ; Type  ; Severity ; Details                    ;
+----------+-------+----------+----------------------------+
; apaga    ; Input ; Info     ; Stuck at GND               ;
; negativo ; Input ; Info     ; Stuck at GND               ;
; overflow ; Input ; Info     ; Stuck at GND               ;
+----------+-------+----------+----------------------------+


+---------------------------------------------------------+
; Port Connectivity Checks: "somadorGenerico:SOMADOR_beq" ;
+----------------+-------+----------+---------------------+
; Port           ; Type  ; Severity ; Details             ;
+----------------+-------+----------+---------------------+
; entradab[1..0] ; Input ; Info     ; Stuck at GND        ;
+----------------+-------+----------+---------------------+


+--------------------------------------------------------+
; Port Connectivity Checks: "muxGenerico2x1:MUX_Prox_PC" ;
+--------------------+-------+----------+----------------+
; Port               ; Type  ; Severity ; Details        ;
+--------------------+-------+----------+----------------+
; entradab_mux[1..0] ; Input ; Info     ; Stuck at GND   ;
+--------------------+-------+----------+----------------+


+---------------------------------------------------+
; Port Connectivity Checks: "RAMMIPS:MEMORIA_DADOS" ;
+----------+-------+----------+---------------------+
; Port     ; Type  ; Severity ; Details             ;
+----------+-------+----------+---------------------+
; habilita ; Input ; Info     ; Stuck at VCC        ;
+----------+-------+----------+---------------------+


+-----------------------------------------------------+
; Port Connectivity Checks: "somadorGenerico:SOMADOR" ;
+-----------------+-------+----------+----------------+
; Port            ; Type  ; Severity ; Details        ;
+-----------------+-------+----------+----------------+
; entradaa[31..3] ; Input ; Info     ; Stuck at GND   ;
; entradaa[1..0]  ; Input ; Info     ; Stuck at GND   ;
; entradaa[2]     ; Input ; Info     ; Stuck at VCC   ;
+-----------------+-------+----------+----------------+


+-------------------------------------------------------+
; Port Connectivity Checks: "registradorGenerico_PC:PC" ;
+--------+-------+----------+---------------------------+
; Port   ; Type  ; Severity ; Details                   ;
+--------+-------+----------+---------------------------+
; enable ; Input ; Info     ; Stuck at VCC              ;
; rst    ; Input ; Info     ; Stuck at GND              ;
+--------+-------+----------+---------------------------+


+-----------------------------------------------------------------------------------------------------------------+
; Port Connectivity Checks: "edgeDetector:detectorSub1"                                                           ;
+-------+--------+----------+-------------------------------------------------------------------------------------+
; Port  ; Type   ; Severity ; Details                                                                             ;
+-------+--------+----------+-------------------------------------------------------------------------------------+
; saida ; Output ; Info     ; Connected to dangling logic. Logic that only feeds a dangling port will be removed. ;
+-------+--------+----------+-------------------------------------------------------------------------------------+


+---------------------------------+
; Analysis & Elaboration Messages ;
+---------------------------------+
Info: *******************************************************************
Info: Running Quartus Prime Analysis & Elaboration
    Info: Version 20.1.0 Build 711 06/05/2020 SJ Lite Edition
    Info: Processing started: Tue Nov 09 17:51:15 2021
Info: Command: quartus_map --read_settings_files=on --write_settings_files=off Projeto2 -c Projeto2 --analysis_and_elaboration
Warning (18236): Number of processors has not been specified which may cause overloading on shared machines.  Set the global assignment NUM_PARALLEL_PROCESSORS in your QSF to an appropriate value for best performance.
Info (20030): Parallel compilation is enabled and will use 4 of the 4 processors detected
Info (12021): Found 2 design units, including 1 entities, in source file projeto2.vhd
    Info (12022): Found design unit 1: Projeto2-arquitetura File: C:/DesComp/DesignComp-Projeto2/Projeto2/Projeto2.vhd Line: 35
    Info (12023): Found entity 1: Projeto2 File: C:/DesComp/DesignComp-Projeto2/Projeto2/Projeto2.vhd Line: 4
Info (12021): Found 2 design units, including 1 entities, in source file decodbinario_7seg.vhd
    Info (12022): Found design unit 1: DecodBinario_7Seg-comportamento File: C:/DesComp/DesignComp-Projeto2/Projeto2/DecodBinario_7Seg.vhd Line: 17
    Info (12023): Found entity 1: DecodBinario_7Seg File: C:/DesComp/DesignComp-Projeto2/Projeto2/DecodBinario_7Seg.vhd Line: 4
Info (12021): Found 2 design units, including 1 entities, in source file rammips.vhd
    Info (12022): Found design unit 1: RAMMIPS-rtl File: C:/DesComp/DesignComp-Projeto2/Projeto2/RAMMIPS.vhd Line: 21
    Info (12023): Found entity 1: RAMMIPS File: C:/DesComp/DesignComp-Projeto2/Projeto2/RAMMIPS.vhd Line: 5
Info (12021): Found 2 design units, including 1 entities, in source file rommips.vhd
    Info (12022): Found design unit 1: ROMMIPS-assincrona File: C:/DesComp/DesignComp-Projeto2/Projeto2/ROMMIPS.vhd Line: 15
    Info (12023): Found entity 1: ROMMIPS File: C:/DesComp/DesignComp-Projeto2/Projeto2/ROMMIPS.vhd Line: 5
Info (12021): Found 2 design units, including 1 entities, in source file ulasomasub.vhd
    Info (12022): Found design unit 1: ULASomaSub-comportamento File: C:/DesComp/DesignComp-Projeto2/Projeto2/ULASomaSub.vhd Line: 15
    Info (12023): Found entity 1: ULASomaSub File: C:/DesComp/DesignComp-Projeto2/Projeto2/ULASomaSub.vhd Line: 5
Info (12021): Found 2 design units, including 1 entities, in source file unidadecontrole.vhd
    Info (12022): Found design unit 1: UnidadeControle-arch File: C:/DesComp/DesignComp-Projeto2/Projeto2/UnidadeControle.vhd Line: 10
    Info (12023): Found entity 1: UnidadeControle File: C:/DesComp/DesignComp-Projeto2/Projeto2/UnidadeControle.vhd Line: 4
Info (12021): Found 2 design units, including 1 entities, in source file unidadecontrole_ula.vhd
    Info (12022): Found design unit 1: UnidadeControle_ULA-arch File: C:/DesComp/DesignComp-Projeto2/Projeto2/UnidadeControle_ULA.vhd Line: 11
    Info (12023): Found entity 1: UnidadeControle_ULA File: C:/DesComp/DesignComp-Projeto2/Projeto2/UnidadeControle_ULA.vhd Line: 4
Info (12021): Found 2 design units, including 1 entities, in source file bancoregistradores.vhd
    Info (12022): Found design unit 1: bancoRegistradores-comportamento File: C:/DesComp/DesignComp-Projeto2/Projeto2/bancoRegistradores.vhd Line: 30
    Info (12023): Found entity 1: bancoRegistradores File: C:/DesComp/DesignComp-Projeto2/Projeto2/bancoRegistradores.vhd Line: 7
Info (12021): Found 3 design units, including 1 entities, in source file edgedetector.vhd
    Info (12022): Found design unit 1: edgeDetector-bordaSubida File: C:/DesComp/DesignComp-Projeto2/Projeto2/edgeDetector.vhd Line: 10
    Info (12022): Found design unit 2: edgeDetector-bordaDescida File: C:/DesComp/DesignComp-Projeto2/Projeto2/edgeDetector.vhd Line: 23
    Info (12023): Found entity 1: edgeDetector File: C:/DesComp/DesignComp-Projeto2/Projeto2/edgeDetector.vhd Line: 4
Info (12021): Found 2 design units, including 1 entities, in source file muxgenerico2x1.vhd
    Info (12022): Found design unit 1: muxGenerico2x1-comportamento File: C:/DesComp/DesignComp-Projeto2/Projeto2/muxGenerico2x1.vhd Line: 14
    Info (12023): Found entity 1: muxGenerico2x1 File: C:/DesComp/DesignComp-Projeto2/Projeto2/muxGenerico2x1.vhd Line: 4
Info (12021): Found 2 design units, including 1 entities, in source file muxgenerico4x1.vhd
    Info (12022): Found design unit 1: muxGenerico4x1-comportamento File: C:/DesComp/DesignComp-Projeto2/Projeto2/muxGenerico4x1.vhd Line: 14
    Info (12023): Found entity 1: muxGenerico4x1 File: C:/DesComp/DesignComp-Projeto2/Projeto2/muxGenerico4x1.vhd Line: 4
Info (12021): Found 2 design units, including 1 entities, in source file registradorgenerico_pc.vhd
    Info (12022): Found design unit 1: registradorGenerico_PC-comportamento File: C:/DesComp/DesignComp-Projeto2/Projeto2/registradorGenerico_PC.vhd Line: 16
    Info (12023): Found entity 1: registradorGenerico_PC File: C:/DesComp/DesignComp-Projeto2/Projeto2/registradorGenerico_PC.vhd Line: 4
Info (12021): Found 2 design units, including 1 entities, in source file somadorgenerico.vhd
    Info (12022): Found design unit 1: somadorGenerico-comportamento File: C:/DesComp/DesignComp-Projeto2/Projeto2/somadorGenerico.vhd Line: 17
    Info (12023): Found entity 1: somadorGenerico File: C:/DesComp/DesignComp-Projeto2/Projeto2/somadorGenerico.vhd Line: 5
Info (12021): Found 2 design units, including 1 entities, in source file ula_b0_b30.vhd
    Info (12022): Found design unit 1: ULA_B0_B30-comportamento File: C:/DesComp/DesignComp-Projeto2/Projeto2/ULA_B0_B30.vhd Line: 14
    Info (12023): Found entity 1: ULA_B0_B30 File: C:/DesComp/DesignComp-Projeto2/Projeto2/ULA_B0_B30.vhd Line: 5
Info (12021): Found 2 design units, including 1 entities, in source file somador_completo_1bit.vhd
    Info (12022): Found design unit 1: Somador_Completo_1bit-comportamento File: C:/DesComp/DesignComp-Projeto2/Projeto2/Somador_Completo_1bit.vhd Line: 13
    Info (12023): Found entity 1: Somador_Completo_1bit File: C:/DesComp/DesignComp-Projeto2/Projeto2/Somador_Completo_1bit.vhd Line: 5
Info (12021): Found 2 design units, including 1 entities, in source file ula_b31.vhd
    Info (12022): Found design unit 1: ULA_B31-comportamento File: C:/DesComp/DesignComp-Projeto2/Projeto2/ULA_B31.vhd Line: 14
    Info (12023): Found entity 1: ULA_B31 File: C:/DesComp/DesignComp-Projeto2/Projeto2/ULA_B31.vhd Line: 5
Info (12021): Found 2 design units, including 1 entities, in source file ula_completa.vhd
    Info (12022): Found design unit 1: ULA_Completa-comportamento File: C:/DesComp/DesignComp-Projeto2/Projeto2/ULA_Completa.vhd Line: 16
    Info (12023): Found entity 1: ULA_Completa File: C:/DesComp/DesignComp-Projeto2/Projeto2/ULA_Completa.vhd Line: 5
Info (12021): Found 2 design units, including 1 entities, in source file muxgenerico2x1_1bit.vhd
    Info (12022): Found design unit 1: muxGenerico2x1_1bit-comportamento File: C:/DesComp/DesignComp-Projeto2/Projeto2/muxGenerico2x1_1bit.vhd Line: 14
    Info (12023): Found entity 1: muxGenerico2x1_1bit File: C:/DesComp/DesignComp-Projeto2/Projeto2/muxGenerico2x1_1bit.vhd Line: 4
Info (12127): Elaborating entity "Projeto2" for the top level hierarchy
Warning (10036): Verilog HDL or VHDL warning at Projeto2.vhd(54): object "Saida_DecBorda_KEY1" assigned a value but never read File: C:/DesComp/DesignComp-Projeto2/Projeto2/Projeto2.vhd Line: 54
Info (12129): Elaborating entity "edgeDetector" using architecture "A:bordasubida" for hierarchy "edgeDetector:detectorSub0" File: C:/DesComp/DesignComp-Projeto2/Projeto2/Projeto2.vhd Line: 68
Info (12128): Elaborating entity "registradorGenerico_PC" for hierarchy "registradorGenerico_PC:PC" File: C:/DesComp/DesignComp-Projeto2/Projeto2/Projeto2.vhd Line: 75
Info (12128): Elaborating entity "somadorGenerico" for hierarchy "somadorGenerico:SOMADOR" File: C:/DesComp/DesignComp-Projeto2/Projeto2/Projeto2.vhd Line: 78
Info (12128): Elaborating entity "ROMMIPS" for hierarchy "ROMMIPS:MEMORIA_INSTRUCAO" File: C:/DesComp/DesignComp-Projeto2/Projeto2/Projeto2.vhd Line: 81
Warning (10541): VHDL Signal Declaration warning at ROMMIPS.vhd(18): used implicit default value for signal "memROM" because signal was never assigned a value or an explicit default value. Use of implicit default value may introduce unintended design optimizations. File: C:/DesComp/DesignComp-Projeto2/Projeto2/ROMMIPS.vhd Line: 18
Info (12128): Elaborating entity "muxGenerico2x1" for hierarchy "muxGenerico2x1:MUX_BR" File: C:/DesComp/DesignComp-Projeto2/Projeto2/Projeto2.vhd Line: 85
Info (12128): Elaborating entity "bancoRegistradores" for hierarchy "bancoRegistradores:BANCO_REGISTRADORES" File: C:/DesComp/DesignComp-Projeto2/Projeto2/Projeto2.vhd Line: 91
Info (12128): Elaborating entity "muxGenerico2x1" for hierarchy "muxGenerico2x1:MUX_ENTRADA_ULA" File: C:/DesComp/DesignComp-Projeto2/Projeto2/Projeto2.vhd Line: 126
Info (12128): Elaborating entity "ULASomaSub" for hierarchy "ULASomaSub:ULA" File: C:/DesComp/DesignComp-Projeto2/Projeto2/Projeto2.vhd Line: 132
Warning (10620): VHDL warning at ULASomaSub.vhd(24): comparison between unequal length operands always returns FALSE File: C:/DesComp/DesignComp-Projeto2/Projeto2/ULASomaSub.vhd Line: 24
Info (12128): Elaborating entity "UnidadeControle_ULA" for hierarchy "UnidadeControle_ULA:UNIDADE_CONT_ULA" File: C:/DesComp/DesignComp-Projeto2/Projeto2/Projeto2.vhd Line: 135
Info (12128): Elaborating entity "UnidadeControle" for hierarchy "UnidadeControle:UNIDADE_DE_CONTROLE" File: C:/DesComp/DesignComp-Projeto2/Projeto2/Projeto2.vhd Line: 144
Info (12128): Elaborating entity "RAMMIPS" for hierarchy "RAMMIPS:MEMORIA_DADOS" File: C:/DesComp/DesignComp-Projeto2/Projeto2/Projeto2.vhd Line: 150
Warning (10639): VHDL warning at RAMMIPS.vhd(24): constant value overflow File: C:/DesComp/DesignComp-Projeto2/Projeto2/RAMMIPS.vhd Line: 24
Warning (10445): VHDL Subtype or Type Declaration warning at RAMMIPS.vhd(24): subtype or type has null range File: C:/DesComp/DesignComp-Projeto2/Projeto2/RAMMIPS.vhd Line: 24
Info (12128): Elaborating entity "DecodBinario_7Seg" for hierarchy "DecodBinario_7Seg:DECOD_HEX0" File: C:/DesComp/DesignComp-Projeto2/Projeto2/Projeto2.vhd Line: 188
Info: Quartus Prime Analysis & Elaboration was successful. 0 errors, 6 warnings
    Info: Peak virtual memory: 4844 megabytes
    Info: Processing ended: Tue Nov 09 17:51:25 2021
    Info: Elapsed time: 00:00:10
    Info: Total CPU time (on all processors): 00:00:22


